[2025-08-23 19:37:30] [root:112] [INFO] - 日志系统已初始化，日志将输出到控制台和 /Users/mac/Documents/bytomWorkspace/misaka_danmu_server/config/logs/app.log
[2025-08-23 19:37:30] [root:123] [INFO] - 已清空旧的搜索源响应日志: /Users/mac/Documents/bytomWorkspace/misaka_danmu_server/config/logs/scraper_responses.log
[2025-08-23 19:37:30] [root:140] [INFO] - 专用的搜索源响应日志已初始化，将输出到 /Users/mac/Documents/bytomWorkspace/misaka_danmu_server/config/logs/scraper_responses.log
[2025-08-23 19:37:30] [src.database:119] [ERROR] - 检查或创建数据库时发生错误: (pymysql.err.OperationalError) (2003, "Can't connect to MySQL server on '127.0.0.1'")
(Background on this error at: https://sqlalche.me/e/20/e3q8)
Traceback (most recent call last):
  File "/Users/mac/Documents/bytomWorkspace/misaka_danmu_server/venv/lib/python3.9/site-packages/aiomysql/connection.py", line 527, in _connect
    self._reader, self._writer = await \
  File "/Library/Developer/CommandLineTools/Library/Frameworks/Python3.framework/Versions/3.9/lib/python3.9/asyncio/tasks.py", line 442, in wait_for
    return await fut
  File "/Users/mac/Documents/bytomWorkspace/misaka_danmu_server/venv/lib/python3.9/site-packages/aiomysql/connection.py", line 88, in _open_connection
    transport, _ = await loop.create_connection(
  File "uvloop/loop.pyx", line 2043, in create_connection
  File "uvloop/loop.pyx", line 2020, in uvloop.loop.Loop.create_connection
ConnectionRefusedError: [Errno 61] Connection refused

The above exception was the direct cause of the following exception:

Traceback (most recent call last):
  File "/Users/mac/Documents/bytomWorkspace/misaka_danmu_server/venv/lib/python3.9/site-packages/sqlalchemy/engine/base.py", line 143, in __init__
    self._dbapi_connection = engine.raw_connection()
  File "/Users/mac/Documents/bytomWorkspace/misaka_danmu_server/venv/lib/python3.9/site-packages/sqlalchemy/engine/base.py", line 3301, in raw_connection
    return self.pool.connect()
  File "/Users/mac/Documents/bytomWorkspace/misaka_danmu_server/venv/lib/python3.9/site-packages/sqlalchemy/pool/base.py", line 447, in connect
    return _ConnectionFairy._checkout(self)
  File "/Users/mac/Documents/bytomWorkspace/misaka_danmu_server/venv/lib/python3.9/site-packages/sqlalchemy/pool/base.py", line 1264, in _checkout
    fairy = _ConnectionRecord.checkout(pool)
  File "/Users/mac/Documents/bytomWorkspace/misaka_danmu_server/venv/lib/python3.9/site-packages/sqlalchemy/pool/base.py", line 711, in checkout
    rec = pool._do_get()
  File "/Users/mac/Documents/bytomWorkspace/misaka_danmu_server/venv/lib/python3.9/site-packages/sqlalchemy/pool/impl.py", line 178, in _do_get
    self._dec_overflow()
  File "/Users/mac/Documents/bytomWorkspace/misaka_danmu_server/venv/lib/python3.9/site-packages/sqlalchemy/util/langhelpers.py", line 224, in __exit__
    raise exc_value.with_traceback(exc_tb)
  File "/Users/mac/Documents/bytomWorkspace/misaka_danmu_server/venv/lib/python3.9/site-packages/sqlalchemy/pool/impl.py", line 175, in _do_get
    return self._create_connection()
  File "/Users/mac/Documents/bytomWorkspace/misaka_danmu_server/venv/lib/python3.9/site-packages/sqlalchemy/pool/base.py", line 388, in _create_connection
    return _ConnectionRecord(self)
  File "/Users/mac/Documents/bytomWorkspace/misaka_danmu_server/venv/lib/python3.9/site-packages/sqlalchemy/pool/base.py", line 673, in __init__
    self.__connect()
  File "/Users/mac/Documents/bytomWorkspace/misaka_danmu_server/venv/lib/python3.9/site-packages/sqlalchemy/pool/base.py", line 900, in __connect
    pool.logger.debug("Error on connect(): %s", e)
  File "/Users/mac/Documents/bytomWorkspace/misaka_danmu_server/venv/lib/python3.9/site-packages/sqlalchemy/util/langhelpers.py", line 224, in __exit__
    raise exc_value.with_traceback(exc_tb)
  File "/Users/mac/Documents/bytomWorkspace/misaka_danmu_server/venv/lib/python3.9/site-packages/sqlalchemy/pool/base.py", line 895, in __connect
    self.dbapi_connection = connection = pool._invoke_creator(self)
  File "/Users/mac/Documents/bytomWorkspace/misaka_danmu_server/venv/lib/python3.9/site-packages/sqlalchemy/engine/create.py", line 661, in connect
    return dialect.connect(*cargs, **cparams)
  File "/Users/mac/Documents/bytomWorkspace/misaka_danmu_server/venv/lib/python3.9/site-packages/sqlalchemy/engine/default.py", line 629, in connect
    return self.loaded_dbapi.connect(*cargs, **cparams)  # type: ignore[no-any-return]  # NOQA: E501
  File "/Users/mac/Documents/bytomWorkspace/misaka_danmu_server/venv/lib/python3.9/site-packages/sqlalchemy/dialects/mysql/aiomysql.py", line 164, in connect
    await_only(creator_fn(*arg, **kw)),
  File "/Users/mac/Documents/bytomWorkspace/misaka_danmu_server/venv/lib/python3.9/site-packages/sqlalchemy/util/_concurrency_py3k.py", line 132, in await_only
    return current.parent.switch(awaitable)  # type: ignore[no-any-return,attr-defined] # noqa: E501
  File "/Users/mac/Documents/bytomWorkspace/misaka_danmu_server/venv/lib/python3.9/site-packages/sqlalchemy/util/_concurrency_py3k.py", line 196, in greenlet_spawn
    value = await result
  File "/Users/mac/Documents/bytomWorkspace/misaka_danmu_server/venv/lib/python3.9/site-packages/aiomysql/connection.py", line 75, in _connect
    await conn._connect()
  File "/Users/mac/Documents/bytomWorkspace/misaka_danmu_server/venv/lib/python3.9/site-packages/aiomysql/connection.py", line 563, in _connect
    raise OperationalError(
pymysql.err.OperationalError: (2003, "Can't connect to MySQL server on '127.0.0.1'")

The above exception was the direct cause of the following exception:

Traceback (most recent call last):
  File "/Users/mac/Documents/bytomWorkspace/misaka_danmu_server/src/database.py", line 107, in _create_db_if_not_exists
    async with engine.connect() as conn:
  File "/Users/mac/Documents/bytomWorkspace/misaka_danmu_server/venv/lib/python3.9/site-packages/sqlalchemy/ext/asyncio/base.py", line 121, in __aenter__
    return await self.start(is_ctxmanager=True)
  File "/Users/mac/Documents/bytomWorkspace/misaka_danmu_server/venv/lib/python3.9/site-packages/sqlalchemy/ext/asyncio/engine.py", line 274, in start
    await greenlet_spawn(self.sync_engine.connect)
  File "/Users/mac/Documents/bytomWorkspace/misaka_danmu_server/venv/lib/python3.9/site-packages/sqlalchemy/util/_concurrency_py3k.py", line 201, in greenlet_spawn
    result = context.throw(*sys.exc_info())
  File "/Users/mac/Documents/bytomWorkspace/misaka_danmu_server/venv/lib/python3.9/site-packages/sqlalchemy/engine/base.py", line 3277, in connect
    return self._connection_cls(self)
  File "/Users/mac/Documents/bytomWorkspace/misaka_danmu_server/venv/lib/python3.9/site-packages/sqlalchemy/engine/base.py", line 145, in __init__
    Connection._handle_dbapi_exception_noconnection(
  File "/Users/mac/Documents/bytomWorkspace/misaka_danmu_server/venv/lib/python3.9/site-packages/sqlalchemy/engine/base.py", line 2440, in _handle_dbapi_exception_noconnection
    raise sqlalchemy_exception.with_traceback(exc_info[2]) from e
  File "/Users/mac/Documents/bytomWorkspace/misaka_danmu_server/venv/lib/python3.9/site-packages/sqlalchemy/engine/base.py", line 143, in __init__
    self._dbapi_connection = engine.raw_connection()
  File "/Users/mac/Documents/bytomWorkspace/misaka_danmu_server/venv/lib/python3.9/site-packages/sqlalchemy/engine/base.py", line 3301, in raw_connection
    return self.pool.connect()
  File "/Users/mac/Documents/bytomWorkspace/misaka_danmu_server/venv/lib/python3.9/site-packages/sqlalchemy/pool/base.py", line 447, in connect
    return _ConnectionFairy._checkout(self)
  File "/Users/mac/Documents/bytomWorkspace/misaka_danmu_server/venv/lib/python3.9/site-packages/sqlalchemy/pool/base.py", line 1264, in _checkout
    fairy = _ConnectionRecord.checkout(pool)
  File "/Users/mac/Documents/bytomWorkspace/misaka_danmu_server/venv/lib/python3.9/site-packages/sqlalchemy/pool/base.py", line 711, in checkout
    rec = pool._do_get()
  File "/Users/mac/Documents/bytomWorkspace/misaka_danmu_server/venv/lib/python3.9/site-packages/sqlalchemy/pool/impl.py", line 178, in _do_get
    self._dec_overflow()
  File "/Users/mac/Documents/bytomWorkspace/misaka_danmu_server/venv/lib/python3.9/site-packages/sqlalchemy/util/langhelpers.py", line 224, in __exit__
    raise exc_value.with_traceback(exc_tb)
  File "/Users/mac/Documents/bytomWorkspace/misaka_danmu_server/venv/lib/python3.9/site-packages/sqlalchemy/pool/impl.py", line 175, in _do_get
    return self._create_connection()
  File "/Users/mac/Documents/bytomWorkspace/misaka_danmu_server/venv/lib/python3.9/site-packages/sqlalchemy/pool/base.py", line 388, in _create_connection
    return _ConnectionRecord(self)
  File "/Users/mac/Documents/bytomWorkspace/misaka_danmu_server/venv/lib/python3.9/site-packages/sqlalchemy/pool/base.py", line 673, in __init__
    self.__connect()
  File "/Users/mac/Documents/bytomWorkspace/misaka_danmu_server/venv/lib/python3.9/site-packages/sqlalchemy/pool/base.py", line 900, in __connect
    pool.logger.debug("Error on connect(): %s", e)
  File "/Users/mac/Documents/bytomWorkspace/misaka_danmu_server/venv/lib/python3.9/site-packages/sqlalchemy/util/langhelpers.py", line 224, in __exit__
    raise exc_value.with_traceback(exc_tb)
  File "/Users/mac/Documents/bytomWorkspace/misaka_danmu_server/venv/lib/python3.9/site-packages/sqlalchemy/pool/base.py", line 895, in __connect
    self.dbapi_connection = connection = pool._invoke_creator(self)
  File "/Users/mac/Documents/bytomWorkspace/misaka_danmu_server/venv/lib/python3.9/site-packages/sqlalchemy/engine/create.py", line 661, in connect
    return dialect.connect(*cargs, **cparams)
  File "/Users/mac/Documents/bytomWorkspace/misaka_danmu_server/venv/lib/python3.9/site-packages/sqlalchemy/engine/default.py", line 629, in connect
    return self.loaded_dbapi.connect(*cargs, **cparams)  # type: ignore[no-any-return]  # NOQA: E501
  File "/Users/mac/Documents/bytomWorkspace/misaka_danmu_server/venv/lib/python3.9/site-packages/sqlalchemy/dialects/mysql/aiomysql.py", line 164, in connect
    await_only(creator_fn(*arg, **kw)),
  File "/Users/mac/Documents/bytomWorkspace/misaka_danmu_server/venv/lib/python3.9/site-packages/sqlalchemy/util/_concurrency_py3k.py", line 132, in await_only
    return current.parent.switch(awaitable)  # type: ignore[no-any-return,attr-defined] # noqa: E501
  File "/Users/mac/Documents/bytomWorkspace/misaka_danmu_server/venv/lib/python3.9/site-packages/sqlalchemy/util/_concurrency_py3k.py", line 196, in greenlet_spawn
    value = await result
  File "/Users/mac/Documents/bytomWorkspace/misaka_danmu_server/venv/lib/python3.9/site-packages/aiomysql/connection.py", line 75, in _connect
    await conn._connect()
  File "/Users/mac/Documents/bytomWorkspace/misaka_danmu_server/venv/lib/python3.9/site-packages/aiomysql/connection.py", line 563, in _connect
    raise OperationalError(
sqlalchemy.exc.OperationalError: (pymysql.err.OperationalError) (2003, "Can't connect to MySQL server on '127.0.0.1'")
(Background on this error at: https://sqlalche.me/e/20/e3q8)
[2025-08-23 19:37:30] [src.database:121] [ERROR] - ============================================================
[2025-08-23 19:37:30] [src.database:122] [ERROR] - === 无法连接到数据库服务器，应用无法启动。 ===
[2025-08-23 19:37:30] [src.database:123] [ERROR] - === 错误类型: OperationalError
[2025-08-23 19:37:30] [src.database:124] [ERROR] - === 错误详情: (pymysql.err.OperationalError) (2003, "Can't connect to MySQL server on '127.0.0.1'")
(Background on this error at: https://sqlalche.me/e/20/e3q8)
[2025-08-23 19:37:30] [src.database:125] [ERROR] - ---
[2025-08-23 19:37:30] [src.database:126] [ERROR] - --- 可能的原因与排查建议: ---
[2025-08-23 19:37:30] [src.database:127] [ERROR] - --- 1. 数据库服务未运行: 请确认您的 MySQL/MariaDB 服务正在运行。
[2025-08-23 19:37:30] [src.database:128] [ERROR] - --- 2. 配置错误: 请检查您的配置文件或环境变量中的数据库连接信息是否正确。
[2025-08-23 19:37:30] [src.database:129] [ERROR] - ---    - 主机 (Host): 127.0.0.1
[2025-08-23 19:37:30] [src.database:130] [ERROR] - ---    - 端口 (Port): 3306
[2025-08-23 19:37:30] [src.database:131] [ERROR] - ---    - 用户 (User): danmaku_user
[2025-08-23 19:37:30] [src.database:132] [ERROR] - --- 3. 网络问题: 如果应用和数据库在不同的容器或机器上，请检查它们之间的网络连接和防火墙设置。
[2025-08-23 19:37:30] [src.database:133] [ERROR] - --- 4. 权限问题: 确认提供的用户有权限从应用所在的IP地址连接，并有创建数据库的权限。
[2025-08-23 19:37:30] [src.database:134] [ERROR] - ============================================================
[2025-08-23 19:38:24] [root:112] [INFO] - 日志系统已初始化，日志将输出到控制台和 /Users/mac/Documents/bytomWorkspace/misaka_danmu_server/config/logs/app.log
[2025-08-23 19:38:24] [root:123] [INFO] - 已清空旧的搜索源响应日志: /Users/mac/Documents/bytomWorkspace/misaka_danmu_server/config/logs/scraper_responses.log
[2025-08-23 19:38:24] [root:140] [INFO] - 专用的搜索源响应日志已初始化，将输出到 /Users/mac/Documents/bytomWorkspace/misaka_danmu_server/config/logs/scraper_responses.log
[2025-08-23 19:38:25] [src.database:117] [INFO] - 数据库 'danmuapi' 已存在，跳过创建。
[2025-08-23 19:38:25] [src.database:67] [INFO] - 数据库引擎和会话工厂创建成功。
[2025-08-23 19:38:25] [src.database:202] [INFO] - 正在同步数据库模型，创建新表...
[2025-08-23 19:38:25] [src.database:204] [INFO] - 数据库模型同步完成。
[2025-08-23 19:38:25] [src.database:23] [INFO] - 正在检查是否需要执行迁移: add_anime_year_and_drop_source_url...
[2025-08-23 19:38:25] [src.database:52] [INFO] - 迁移任务 'add_anime_year_and_drop_source_url' 检查完成。
[2025-08-23 19:38:25] [src.database:208] [INFO] - 数据库初始化完成。
[2025-08-23 19:38:25] [src.crud:1440] [INFO] - 默认配置检查完成。
[2025-08-23 19:38:25] [src.scraper_manager:53] [WARNING] - 公钥文件 'src/public_key.pem' 未找到。所有搜索源都将无法通过验证。
[2025-08-23 19:38:25] [src.scraper_manager:191] [INFO] - 搜索源签名验证已禁用。所有搜索源将被视为已验证。
[2025-08-23 19:38:27] [src.scraper_manager:178] [INFO] - 已加载搜索源 'gamer' (状态: 已启用, 顺序: 6, 验证: 已验证)。
[2025-08-23 19:38:27] [src.scraper_manager:178] [INFO] - 已加载搜索源 'iqiyi' (状态: 已启用, 顺序: 3, 验证: 已验证)。
[2025-08-23 19:38:27] [src.scraper_manager:178] [INFO] - 已加载搜索源 'mgtv' (状态: 已启用, 顺序: 5, 验证: 已验证)。
[2025-08-23 19:38:27] [src.scraper_manager:178] [INFO] - 已加载搜索源 'bilibili' (状态: 已启用, 顺序: 2, 验证: 已验证)。
[2025-08-23 19:38:27] [src.scraper_manager:178] [INFO] - 已加载搜索源 'tencent' (状态: 已启用, 顺序: 1, 验证: 已验证)。
[2025-08-23 19:38:27] [src.scraper_manager:178] [INFO] - 已加载搜索源 'youku' (状态: 已启用, 顺序: 4, 验证: 已验证)。
[2025-08-23 19:38:27] [src.scraper_manager:178] [INFO] - 已加载搜索源 'renren' (状态: 已启用, 顺序: 7, 验证: 已验证)。
[2025-08-23 19:38:27] [MetadataSourceManager:208] [INFO] - 正在关闭所有元数据源...
[2025-08-23 19:38:27] [MetadataSourceManager:216] [INFO] - 所有元数据源已关闭。
[2025-08-23 19:38:27] [MetadataSourceManager:78] [INFO] - 元数据源 'bangumi' (来自模块 bangumi) 已发现。
[2025-08-23 19:38:27] [MetadataSourceManager:78] [INFO] - 元数据源 'douban' (来自模块 douban) 已发现。
[2025-08-23 19:38:27] [MetadataSourceManager:78] [INFO] - 元数据源 'imdb' (来自模块 imdb) 已发现。
[2025-08-23 19:38:27] [MetadataSourceManager:78] [INFO] - 元数据源 'tmdb' (来自模块 tmdb) 已发现。
[2025-08-23 19:38:27] [MetadataSourceManager:78] [INFO] - 元数据源 'tvdb' (来自模块 tvdb) 已发现。
[2025-08-23 19:38:27] [MetadataSourceManager:90] [INFO] - 已加载元数据源 'bangumi'。
[2025-08-23 19:38:27] [MetadataSourceManager:90] [INFO] - 已加载元数据源 'douban'。
[2025-08-23 19:38:27] [MetadataSourceManager:90] [INFO] - 已加载元数据源 'imdb'。
[2025-08-23 19:38:27] [MetadataSourceManager:90] [INFO] - 已加载元数据源 'tmdb'。
[2025-08-23 19:38:27] [MetadataSourceManager:90] [INFO] - 已加载元数据源 'tvdb'。
[2025-08-23 19:38:27] [src.metadata_manager:46] [INFO] - 元数据源管理器已初始化。
[2025-08-23 19:38:27] [src.webhook_manager:44] [INFO] - Webhook 处理器 'emby' (来自模块 emby) 已加载。
[2025-08-23 19:38:27] [src.webhook_manager:44] [INFO] - Webhook 处理器 'jellyfin' (来自模块 jellyfin) 已加载。
[2025-08-23 19:38:27] [TaskManager:49] [INFO] - 任务管理器已启动。
[2025-08-23 19:38:27] [src.scheduler:75] [INFO] - 定时任务 '定时增量追更' (类型: incrementalRefresh, 来自模块 incremental_refresh) 已加载。
[2025-08-23 19:38:27] [src.scheduler:75] [INFO] - 定时任务 'TMDB自动映射与更新' (类型: tmdbAutoMap, 来自模块 tmdb_auto_map) 已加载。
[2025-08-23 19:38:27] [apscheduler.scheduler:214] [INFO] - Scheduler started
[2025-08-23 19:38:27] [apscheduler.scheduler:1090] [INFO] - Added job "tmdb" to job store "default"
[2025-08-23 19:38:27] [apscheduler.scheduler:1090] [INFO] - Added job "定时增量" to job store "default"
[2025-08-23 19:38:27] [src.scheduler:135] [INFO] - 定时任务调度器已启动。
[2025-08-23 19:38:39] [TencentScraper:328] [INFO] - 开始为 cid='mzc00200aaogpgh' 获取分集列表 (v2)...
[2025-08-23 19:38:39] [httpx:1740] [INFO] - HTTP Request: POST https://pbaccess.video.qq.com/trpc.universal_backend_service.page_server_rpc.PageServer/GetPageData?video_appid=3000010&vplatform=2 "HTTP/1.1 200 OK"
[2025-08-23 19:38:39] [TencentScraper:359] [INFO] - cid='mzc00200aaogpgh': 第 1 页找到 30 个新分集。
[2025-08-23 19:38:40] [httpx:1740] [INFO] - HTTP Request: POST https://pbaccess.video.qq.com/trpc.universal_backend_service.page_server_rpc.PageServer/GetPageData?video_appid=3000010&vplatform=2 "HTTP/1.1 200 OK"
[2025-08-23 19:38:40] [TencentScraper:359] [INFO] - cid='mzc00200aaogpgh': 第 2 页找到 30 个新分集。
[2025-08-23 19:38:41] [httpx:1740] [INFO] - HTTP Request: POST https://pbaccess.video.qq.com/trpc.universal_backend_service.page_server_rpc.PageServer/GetPageData?video_appid=3000010&vplatform=2 "HTTP/1.1 200 OK"
[2025-08-23 19:38:41] [TencentScraper:359] [INFO] - cid='mzc00200aaogpgh': 第 3 页找到 30 个新分集。
[2025-08-23 19:38:41] [httpx:1740] [INFO] - HTTP Request: POST https://pbaccess.video.qq.com/trpc.universal_backend_service.page_server_rpc.PageServer/GetPageData?video_appid=3000010&vplatform=2 "HTTP/1.1 200 OK"
[2025-08-23 19:38:41] [TencentScraper:359] [INFO] - cid='mzc00200aaogpgh': 第 4 页找到 21 个新分集。
[2025-08-23 19:38:42] [httpx:1740] [INFO] - HTTP Request: POST https://pbaccess.video.qq.com/trpc.universal_backend_service.page_server_rpc.PageServer/GetPageData?video_appid=3000010&vplatform=2 "HTTP/1.1 200 OK"
[2025-08-23 19:38:42] [TencentScraper:359] [INFO] - cid='mzc00200aaogpgh': 第 5 页找到 0 个新分集。
[2025-08-23 19:38:42] [TencentScraper:361] [INFO] - cid='mzc00200aaogpgh': 第 5 页未找到新分集，停止分页。
[2025-08-23 19:38:42] [TencentScraper:281] [INFO] - Tencent: 已通过新版分页API成功获取分集。
[2025-08-23 19:40:34] [TencentScraper:328] [INFO] - 开始为 cid='mzc00200aaogpgh' 获取分集列表 (v2)...
[2025-08-23 19:40:35] [httpx:1740] [INFO] - HTTP Request: POST https://pbaccess.video.qq.com/trpc.universal_backend_service.page_server_rpc.PageServer/GetPageData?video_appid=3000010&vplatform=2 "HTTP/1.1 200 OK"
[2025-08-23 19:40:35] [TencentScraper:359] [INFO] - cid='mzc00200aaogpgh': 第 1 页找到 30 个新分集。
[2025-08-23 19:40:35] [httpx:1740] [INFO] - HTTP Request: POST https://pbaccess.video.qq.com/trpc.universal_backend_service.page_server_rpc.PageServer/GetPageData?video_appid=3000010&vplatform=2 "HTTP/1.1 200 OK"
[2025-08-23 19:40:35] [TencentScraper:359] [INFO] - cid='mzc00200aaogpgh': 第 2 页找到 30 个新分集。
[2025-08-23 19:40:36] [httpx:1740] [INFO] - HTTP Request: POST https://pbaccess.video.qq.com/trpc.universal_backend_service.page_server_rpc.PageServer/GetPageData?video_appid=3000010&vplatform=2 "HTTP/1.1 200 OK"
[2025-08-23 19:40:36] [TencentScraper:359] [INFO] - cid='mzc00200aaogpgh': 第 3 页找到 30 个新分集。
[2025-08-23 19:40:37] [httpx:1740] [INFO] - HTTP Request: POST https://pbaccess.video.qq.com/trpc.universal_backend_service.page_server_rpc.PageServer/GetPageData?video_appid=3000010&vplatform=2 "HTTP/1.1 200 OK"
[2025-08-23 19:40:37] [TencentScraper:359] [INFO] - cid='mzc00200aaogpgh': 第 4 页找到 21 个新分集。
[2025-08-23 19:40:37] [httpx:1740] [INFO] - HTTP Request: POST https://pbaccess.video.qq.com/trpc.universal_backend_service.page_server_rpc.PageServer/GetPageData?video_appid=3000010&vplatform=2 "HTTP/1.1 200 OK"
[2025-08-23 19:40:37] [TencentScraper:359] [INFO] - cid='mzc00200aaogpgh': 第 5 页找到 0 个新分集。
[2025-08-23 19:40:37] [TencentScraper:361] [INFO] - cid='mzc00200aaogpgh': 第 5 页未找到新分集，停止分页。
[2025-08-23 19:40:37] [TencentScraper:281] [INFO] - Tencent: 已通过新版分页API成功获取分集。
[2025-08-23 19:41:24] [BilibiliScraper:234] [INFO] - Bilibili: 已成功从数据库加载Cookie。
[2025-08-23 19:41:25] [httpx:1740] [INFO] - HTTP Request: GET https://api.bilibili.com/x/web-interface/nav "HTTP/1.1 200 OK"
[2025-08-23 19:41:25] [httpx:1740] [INFO] - HTTP Request: GET https://api.bilibili.com/x/web-interface/nav "HTTP/1.1 200 OK"
[2025-08-23 19:41:27] [httpx:1740] [INFO] - HTTP Request: GET https://tmdb.192168105.xyz/3/configuration?api_key=a6ad08aae6dd56d58b9978d5d01c6af7&language=zh-CN "HTTP/1.1 200 OK"
[2025-08-23 19:41:27] [httpx:1740] [INFO] - HTTP Request: GET https://tmdb.192168105.xyz/3/configuration?api_key=a6ad08aae6dd56d58b9978d5d01c6af7&language=zh-CN "HTTP/1.1 200 OK"
[2025-08-23 19:41:29] [httpx:1740] [INFO] - HTTP Request: GET https://movie.douban.com "HTTP/1.1 200 OK"
[2025-08-23 19:41:29] [httpx:1740] [INFO] - HTTP Request: GET https://movie.douban.com "HTTP/1.1 200 OK"
[2025-08-23 19:41:30] [httpx:1740] [INFO] - HTTP Request: POST https://api4.thetvdb.com/v4/login "HTTP/1.1 200 OK"
[2025-08-23 19:41:30] [httpx:1740] [INFO] - HTTP Request: POST https://api4.thetvdb.com/v4/login "HTTP/1.1 200 OK"
[2025-08-23 19:41:30] [httpx:1740] [INFO] - HTTP Request: GET https://api.bgm.tv/v0/ping "HTTP/1.1 404 Not Found"
[2025-08-23 19:41:30] [httpx:1740] [INFO] - HTTP Request: GET https://api.bgm.tv/v0/ping "HTTP/1.1 404 Not Found"
[2025-08-23 19:41:30] [httpx:1740] [INFO] - HTTP Request: GET https://www.imdb.com "HTTP/1.1 200 OK"
[2025-08-23 19:41:31] [httpx:1740] [INFO] - HTTP Request: GET https://www.imdb.com "HTTP/1.1 200 OK"
[2025-08-23 19:42:40] [httpx:1740] [INFO] - HTTP Request: GET https://api.bilibili.com/x/web-interface/nav "HTTP/1.1 200 OK"
[2025-08-23 19:42:41] [httpx:1740] [INFO] - HTTP Request: GET https://api.bilibili.com/x/web-interface/nav "HTTP/1.1 200 OK"
[2025-08-23 19:42:59] [httpx:1740] [INFO] - HTTP Request: GET https://tmdb.192168105.xyz/3/configuration?api_key=a6ad08aae6dd56d58b9978d5d01c6af7&language=zh-CN "HTTP/1.1 200 OK"
[2025-08-23 19:42:59] [httpx:1740] [INFO] - HTTP Request: GET https://tmdb.192168105.xyz/3/configuration?api_key=a6ad08aae6dd56d58b9978d5d01c6af7&language=zh-CN "HTTP/1.1 200 OK"
[2025-08-23 19:42:59] [httpx:1740] [INFO] - HTTP Request: GET https://movie.douban.com "HTTP/1.1 200 OK"
[2025-08-23 19:43:00] [httpx:1740] [INFO] - HTTP Request: GET https://movie.douban.com "HTTP/1.1 200 OK"
[2025-08-23 19:43:03] [httpx:1740] [INFO] - HTTP Request: POST https://api4.thetvdb.com/v4/login "HTTP/1.1 200 OK"
[2025-08-23 19:43:03] [httpx:1740] [INFO] - HTTP Request: POST https://api4.thetvdb.com/v4/login "HTTP/1.1 200 OK"
[2025-08-23 19:43:03] [httpx:1740] [INFO] - HTTP Request: GET https://api.bgm.tv/v0/ping "HTTP/1.1 404 Not Found"
[2025-08-23 19:43:03] [httpx:1740] [INFO] - HTTP Request: GET https://api.bgm.tv/v0/ping "HTTP/1.1 404 Not Found"
[2025-08-23 19:43:04] [httpx:1740] [INFO] - HTTP Request: GET https://www.imdb.com "HTTP/1.1 200 OK"
[2025-08-23 19:43:05] [httpx:1740] [INFO] - HTTP Request: GET https://www.imdb.com "HTTP/1.1 200 OK"
[2025-08-23 19:43:23] [httpx:1740] [INFO] - HTTP Request: GET https://api.bilibili.com/x/web-interface/nav "HTTP/1.1 200 OK"
[2025-08-23 19:43:24] [httpx:1740] [INFO] - HTTP Request: GET https://api.bilibili.com/x/web-interface/nav "HTTP/1.1 200 OK"
[2025-08-23 19:43:27] [httpx:1740] [INFO] - HTTP Request: GET https://tmdb.192168105.xyz/3/configuration?api_key=a6ad08aae6dd56d58b9978d5d01c6af7&language=zh-CN "HTTP/1.1 200 OK"
[2025-08-23 19:43:27] [httpx:1740] [INFO] - HTTP Request: GET https://tmdb.192168105.xyz/3/configuration?api_key=a6ad08aae6dd56d58b9978d5d01c6af7&language=zh-CN "HTTP/1.1 200 OK"
[2025-08-23 19:43:28] [httpx:1740] [INFO] - HTTP Request: GET https://movie.douban.com "HTTP/1.1 200 OK"
[2025-08-23 19:43:28] [httpx:1740] [INFO] - HTTP Request: GET https://movie.douban.com "HTTP/1.1 200 OK"
[2025-08-23 19:43:35] [httpx:1740] [INFO] - HTTP Request: GET https://api.bgm.tv/v0/ping "HTTP/1.1 404 Not Found"
[2025-08-23 19:43:35] [httpx:1740] [INFO] - HTTP Request: POST https://api4.thetvdb.com/v4/login "HTTP/1.1 200 OK"
[2025-08-23 19:43:35] [httpx:1740] [INFO] - HTTP Request: POST https://api4.thetvdb.com/v4/login "HTTP/1.1 200 OK"
[2025-08-23 19:43:35] [httpx:1740] [INFO] - HTTP Request: GET https://www.imdb.com "HTTP/1.1 200 OK"
[2025-08-23 19:43:35] [httpx:1740] [INFO] - HTTP Request: GET https://api.bgm.tv/v0/ping "HTTP/1.1 404 Not Found"
[2025-08-23 19:43:35] [httpx:1740] [INFO] - HTTP Request: GET https://www.imdb.com "HTTP/1.1 200 OK"
[2025-08-23 19:44:08] [httpx:1740] [INFO] - HTTP Request: GET https://tmdb.192168105.xyz/3/configuration?api_key=a6ad08aae6dd56d58b9978d5d01c6af7&language=zh-CN "HTTP/1.1 200 OK"
[2025-08-23 19:44:08] [httpx:1740] [INFO] - HTTP Request: GET https://movie.douban.com "HTTP/1.1 200 OK"
[2025-08-23 19:44:11] [httpx:1740] [INFO] - HTTP Request: POST https://api4.thetvdb.com/v4/login "HTTP/1.1 200 OK"
[2025-08-23 19:44:11] [httpx:1740] [INFO] - HTTP Request: GET https://api.bgm.tv/v0/ping "HTTP/1.1 404 Not Found"
[2025-08-23 19:44:11] [httpx:1740] [INFO] - HTTP Request: GET https://www.imdb.com "HTTP/1.1 200 OK"
[2025-08-23 19:44:12] [httpx:1740] [INFO] - HTTP Request: GET https://tmdb.192168105.xyz/3/configuration?api_key=a6ad08aae6dd56d58b9978d5d01c6af7&language=zh-CN "HTTP/1.1 200 OK"
[2025-08-23 19:44:12] [httpx:1740] [INFO] - HTTP Request: GET https://tmdb.192168105.xyz/3/configuration?api_key=a6ad08aae6dd56d58b9978d5d01c6af7&language=zh-CN "HTTP/1.1 200 OK"
[2025-08-23 19:44:13] [httpx:1740] [INFO] - HTTP Request: GET https://movie.douban.com "HTTP/1.1 200 OK"
[2025-08-23 19:44:13] [httpx:1740] [INFO] - HTTP Request: GET https://movie.douban.com "HTTP/1.1 200 OK"
[2025-08-23 19:44:13] [httpx:1740] [INFO] - HTTP Request: GET https://tmdb.192168105.xyz/3/configuration?api_key=a6ad08aae6dd56d58b9978d5d01c6af7&language=zh-CN "HTTP/1.1 200 OK"
[2025-08-23 19:44:13] [httpx:1740] [INFO] - HTTP Request: GET https://movie.douban.com "HTTP/1.1 200 OK"
[2025-08-23 19:44:16] [httpx:1740] [INFO] - HTTP Request: POST https://api4.thetvdb.com/v4/login "HTTP/1.1 200 OK"
[2025-08-23 19:44:16] [httpx:1740] [INFO] - HTTP Request: POST https://api4.thetvdb.com/v4/login "HTTP/1.1 200 OK"
[2025-08-23 19:44:16] [httpx:1740] [INFO] - HTTP Request: POST https://api4.thetvdb.com/v4/login "HTTP/1.1 200 OK"
[2025-08-23 19:44:16] [httpx:1740] [INFO] - HTTP Request: GET https://api.bgm.tv/v0/ping "HTTP/1.1 404 Not Found"
[2025-08-23 19:44:16] [httpx:1740] [INFO] - HTTP Request: GET https://api.bgm.tv/v0/ping "HTTP/1.1 404 Not Found"
[2025-08-23 19:44:16] [httpx:1740] [INFO] - HTTP Request: GET https://api.bgm.tv/v0/ping "HTTP/1.1 404 Not Found"
[2025-08-23 19:44:16] [httpx:1740] [INFO] - HTTP Request: GET https://www.imdb.com "HTTP/1.1 200 OK"
[2025-08-23 19:44:16] [httpx:1740] [INFO] - HTTP Request: GET https://www.imdb.com "HTTP/1.1 200 OK"
[2025-08-23 19:44:17] [httpx:1740] [INFO] - HTTP Request: GET https://www.imdb.com "HTTP/1.1 200 OK"
[2025-08-23 19:44:21] [httpx:1740] [INFO] - HTTP Request: GET https://tmdb.192168105.xyz/3/configuration?api_key=a6ad08aae6dd56d58b9978d5d01c6af7&language=zh-CN "HTTP/1.1 200 OK"
[2025-08-23 19:44:21] [httpx:1740] [INFO] - HTTP Request: GET https://movie.douban.com "HTTP/1.1 200 OK"
[2025-08-23 19:44:22] [httpx:1740] [INFO] - HTTP Request: GET https://tmdb.192168105.xyz/3/configuration?api_key=a6ad08aae6dd56d58b9978d5d01c6af7&language=zh-CN "HTTP/1.1 200 OK"
[2025-08-23 19:44:22] [httpx:1740] [INFO] - HTTP Request: GET https://movie.douban.com "HTTP/1.1 200 OK"
[2025-08-23 19:44:22] [httpx:1740] [INFO] - HTTP Request: GET https://tmdb.192168105.xyz/3/configuration?api_key=a6ad08aae6dd56d58b9978d5d01c6af7&language=zh-CN "HTTP/1.1 200 OK"
[2025-08-23 19:44:22] [httpx:1740] [INFO] - HTTP Request: GET https://tmdb.192168105.xyz/3/configuration?api_key=a6ad08aae6dd56d58b9978d5d01c6af7&language=zh-CN "HTTP/1.1 200 OK"
[2025-08-23 19:44:22] [httpx:1740] [INFO] - HTTP Request: GET https://movie.douban.com "HTTP/1.1 200 OK"
[2025-08-23 19:44:23] [httpx:1740] [INFO] - HTTP Request: GET https://movie.douban.com "HTTP/1.1 200 OK"
[2025-08-23 19:44:27] [httpx:1740] [INFO] - HTTP Request: POST https://api4.thetvdb.com/v4/login "HTTP/1.1 200 OK"
[2025-08-23 19:44:27] [httpx:1740] [INFO] - HTTP Request: GET https://api.bgm.tv/v0/ping "HTTP/1.1 404 Not Found"
[2025-08-23 19:44:27] [httpx:1740] [INFO] - HTTP Request: POST https://api4.thetvdb.com/v4/login "HTTP/1.1 200 OK"
[2025-08-23 19:44:27] [httpx:1740] [INFO] - HTTP Request: POST https://api4.thetvdb.com/v4/login "HTTP/1.1 200 OK"
[2025-08-23 19:44:27] [httpx:1740] [INFO] - HTTP Request: POST https://api4.thetvdb.com/v4/login "HTTP/1.1 200 OK"
[2025-08-23 19:44:27] [httpx:1740] [INFO] - HTTP Request: GET https://api.bgm.tv/v0/ping "HTTP/1.1 404 Not Found"
[2025-08-23 19:44:27] [httpx:1740] [INFO] - HTTP Request: GET https://api.bgm.tv/v0/ping "HTTP/1.1 404 Not Found"
[2025-08-23 19:44:27] [httpx:1740] [INFO] - HTTP Request: GET https://www.imdb.com "HTTP/1.1 200 OK"
[2025-08-23 19:44:27] [httpx:1740] [INFO] - HTTP Request: GET https://api.bgm.tv/v0/ping "HTTP/1.1 404 Not Found"
[2025-08-23 19:44:27] [httpx:1740] [INFO] - HTTP Request: GET https://www.imdb.com "HTTP/1.1 200 OK"
[2025-08-23 19:44:27] [httpx:1740] [INFO] - HTTP Request: GET https://www.imdb.com "HTTP/1.1 200 OK"
[2025-08-23 19:44:28] [httpx:1740] [INFO] - HTTP Request: GET https://www.imdb.com "HTTP/1.1 200 OK"
[2025-08-23 19:44:29] [httpx:1740] [INFO] - HTTP Request: GET https://tmdb.192168105.xyz/3/configuration?api_key=a6ad08aae6dd56d58b9978d5d01c6af7&language=zh-CN "HTTP/1.1 200 OK"
[2025-08-23 19:44:30] [httpx:1740] [INFO] - HTTP Request: GET https://movie.douban.com "HTTP/1.1 200 OK"
[2025-08-23 19:44:31] [httpx:1740] [INFO] - HTTP Request: POST https://api4.thetvdb.com/v4/login "HTTP/1.1 200 OK"
[2025-08-23 19:44:32] [httpx:1740] [INFO] - HTTP Request: GET https://api.bgm.tv/v0/ping "HTTP/1.1 404 Not Found"
[2025-08-23 19:44:32] [httpx:1740] [INFO] - HTTP Request: GET https://www.imdb.com "HTTP/1.1 200 OK"
[2025-08-23 19:45:42] [httpx:1740] [INFO] - HTTP Request: GET https://tmdb.192168105.xyz/3/configuration?api_key=a6ad08aae6dd56d58b9978d5d01c6af7&language=zh-CN "HTTP/1.1 200 OK"
[2025-08-23 19:45:42] [httpx:1740] [INFO] - HTTP Request: GET https://movie.douban.com "HTTP/1.1 200 OK"
[2025-08-23 19:45:45] [httpx:1740] [INFO] - HTTP Request: POST https://api4.thetvdb.com/v4/login "HTTP/1.1 200 OK"
[2025-08-23 19:45:45] [httpx:1740] [INFO] - HTTP Request: GET https://api.bgm.tv/v0/ping "HTTP/1.1 404 Not Found"
[2025-08-23 19:45:45] [httpx:1740] [INFO] - HTTP Request: GET https://www.imdb.com "HTTP/1.1 200 OK"
[2025-08-23 19:45:47] [httpx:1740] [INFO] - HTTP Request: GET https://tmdb.192168105.xyz/3/configuration?api_key=a6ad08aae6dd56d58b9978d5d01c6af7&language=zh-CN "HTTP/1.1 200 OK"
[2025-08-23 19:45:47] [httpx:1740] [INFO] - HTTP Request: GET https://movie.douban.com "HTTP/1.1 200 OK"
[2025-08-23 19:45:50] [httpx:1740] [INFO] - HTTP Request: POST https://api4.thetvdb.com/v4/login "HTTP/1.1 200 OK"
[2025-08-23 19:45:50] [httpx:1740] [INFO] - HTTP Request: GET https://api.bgm.tv/v0/ping "HTTP/1.1 404 Not Found"
[2025-08-23 19:45:51] [httpx:1740] [INFO] - HTTP Request: GET https://www.imdb.com "HTTP/1.1 200 OK"
[2025-08-23 19:45:51] [httpx:1740] [INFO] - HTTP Request: GET https://tmdb.192168105.xyz/3/configuration?api_key=a6ad08aae6dd56d58b9978d5d01c6af7&language=zh-CN "HTTP/1.1 200 OK"
[2025-08-23 19:45:52] [httpx:1740] [INFO] - HTTP Request: GET https://movie.douban.com "HTTP/1.1 200 OK"
[2025-08-23 19:45:53] [httpx:1740] [INFO] - HTTP Request: GET https://tmdb.192168105.xyz/3/configuration?api_key=a6ad08aae6dd56d58b9978d5d01c6af7&language=zh-CN "HTTP/1.1 200 OK"
[2025-08-23 19:45:53] [httpx:1740] [INFO] - HTTP Request: GET https://tmdb.192168105.xyz/3/configuration?api_key=a6ad08aae6dd56d58b9978d5d01c6af7&language=zh-CN "HTTP/1.1 200 OK"
[2025-08-23 19:45:53] [httpx:1740] [INFO] - HTTP Request: GET https://movie.douban.com "HTTP/1.1 200 OK"
[2025-08-23 19:45:53] [httpx:1740] [INFO] - HTTP Request: GET https://movie.douban.com "HTTP/1.1 200 OK"
[2025-08-23 19:45:55] [httpx:1740] [INFO] - HTTP Request: POST https://api4.thetvdb.com/v4/login "HTTP/1.1 200 OK"
[2025-08-23 19:45:55] [httpx:1740] [INFO] - HTTP Request: POST https://api4.thetvdb.com/v4/login "HTTP/1.1 200 OK"
[2025-08-23 19:45:55] [httpx:1740] [INFO] - HTTP Request: GET https://api.bgm.tv/v0/ping "HTTP/1.1 404 Not Found"
[2025-08-23 19:45:55] [httpx:1740] [INFO] - HTTP Request: POST https://api4.thetvdb.com/v4/login "HTTP/1.1 200 OK"
[2025-08-23 19:45:56] [httpx:1740] [INFO] - HTTP Request: GET https://api.bgm.tv/v0/ping "HTTP/1.1 404 Not Found"
[2025-08-23 19:45:56] [httpx:1740] [INFO] - HTTP Request: GET https://www.imdb.com "HTTP/1.1 200 OK"
[2025-08-23 19:45:56] [httpx:1740] [INFO] - HTTP Request: GET https://www.imdb.com "HTTP/1.1 200 OK"
[2025-08-23 19:45:56] [httpx:1740] [INFO] - HTTP Request: GET https://api.bgm.tv/v0/ping "HTTP/1.1 404 Not Found"
[2025-08-23 19:45:57] [httpx:1740] [INFO] - HTTP Request: GET https://www.imdb.com "HTTP/1.1 200 OK"
[2025-08-23 19:46:49] [httpx:1740] [INFO] - HTTP Request: GET https://tmdb.192168105.xyz/3/configuration?api_key=a6ad08aae6dd56d58b9978d5d01c6af7&language=zh-CN "HTTP/1.1 200 OK"
[2025-08-23 19:46:50] [httpx:1740] [INFO] - HTTP Request: GET https://movie.douban.com "HTTP/1.1 200 OK"
[2025-08-23 19:46:52] [httpx:1740] [INFO] - HTTP Request: POST https://api4.thetvdb.com/v4/login "HTTP/1.1 200 OK"
[2025-08-23 19:46:52] [httpx:1740] [INFO] - HTTP Request: GET https://api.bgm.tv/v0/ping "HTTP/1.1 404 Not Found"
[2025-08-23 19:46:53] [httpx:1740] [INFO] - HTTP Request: GET https://www.imdb.com "HTTP/1.1 200 OK"
[2025-08-23 19:46:59] [httpx:1740] [INFO] - HTTP Request: GET https://api.bilibili.com/x/web-interface/nav "HTTP/1.1 200 OK"
[2025-08-23 19:47:00] [httpx:1740] [INFO] - HTTP Request: GET https://api.bilibili.com/x/web-interface/nav "HTTP/1.1 200 OK"
[2025-08-23 19:47:09] [httpx:1740] [INFO] - HTTP Request: GET https://tmdb.192168105.xyz/3/configuration?api_key=a6ad08aae6dd56d58b9978d5d01c6af7&language=zh-CN "HTTP/1.1 200 OK"
[2025-08-23 19:47:09] [httpx:1740] [INFO] - HTTP Request: GET https://tmdb.192168105.xyz/3/configuration?api_key=a6ad08aae6dd56d58b9978d5d01c6af7&language=zh-CN "HTTP/1.1 200 OK"
[2025-08-23 19:47:09] [httpx:1740] [INFO] - HTTP Request: GET https://movie.douban.com "HTTP/1.1 200 OK"
[2025-08-23 19:47:10] [httpx:1740] [INFO] - HTTP Request: GET https://movie.douban.com "HTTP/1.1 200 OK"
[2025-08-23 19:47:13] [httpx:1740] [INFO] - HTTP Request: POST https://api4.thetvdb.com/v4/login "HTTP/1.1 200 OK"
[2025-08-23 19:47:13] [httpx:1740] [INFO] - HTTP Request: POST https://api4.thetvdb.com/v4/login "HTTP/1.1 200 OK"
[2025-08-23 19:47:13] [httpx:1740] [INFO] - HTTP Request: GET https://api.bgm.tv/v0/ping "HTTP/1.1 404 Not Found"
[2025-08-23 19:47:13] [httpx:1740] [INFO] - HTTP Request: GET https://api.bgm.tv/v0/ping "HTTP/1.1 404 Not Found"
[2025-08-23 19:47:14] [httpx:1740] [INFO] - HTTP Request: GET https://www.imdb.com "HTTP/1.1 200 OK"
[2025-08-23 19:47:14] [httpx:1740] [INFO] - HTTP Request: GET https://www.imdb.com "HTTP/1.1 200 OK"
[2025-08-23 19:47:23] [httpx:1740] [INFO] - HTTP Request: GET https://api.bilibili.com/x/web-interface/nav "HTTP/1.1 200 OK"
[2025-08-23 19:47:24] [httpx:1740] [INFO] - HTTP Request: GET https://api.bilibili.com/x/web-interface/nav "HTTP/1.1 200 OK"
[2025-08-23 19:47:25] [httpx:1740] [INFO] - HTTP Request: GET https://tmdb.192168105.xyz/3/configuration?api_key=a6ad08aae6dd56d58b9978d5d01c6af7&language=zh-CN "HTTP/1.1 200 OK"
[2025-08-23 19:47:25] [httpx:1740] [INFO] - HTTP Request: GET https://tmdb.192168105.xyz/3/configuration?api_key=a6ad08aae6dd56d58b9978d5d01c6af7&language=zh-CN "HTTP/1.1 200 OK"
[2025-08-23 19:47:25] [httpx:1740] [INFO] - HTTP Request: GET https://movie.douban.com "HTTP/1.1 200 OK"
[2025-08-23 19:47:25] [httpx:1740] [INFO] - HTTP Request: GET https://movie.douban.com "HTTP/1.1 200 OK"
[2025-08-23 19:47:29] [httpx:1740] [INFO] - HTTP Request: POST https://api4.thetvdb.com/v4/login "HTTP/1.1 200 OK"
[2025-08-23 19:47:29] [httpx:1740] [INFO] - HTTP Request: POST https://api4.thetvdb.com/v4/login "HTTP/1.1 200 OK"
[2025-08-23 19:47:29] [httpx:1740] [INFO] - HTTP Request: GET https://api.bgm.tv/v0/ping "HTTP/1.1 404 Not Found"
[2025-08-23 19:47:29] [httpx:1740] [INFO] - HTTP Request: GET https://api.bgm.tv/v0/ping "HTTP/1.1 404 Not Found"
[2025-08-23 19:47:30] [httpx:1740] [INFO] - HTTP Request: GET https://www.imdb.com "HTTP/1.1 200 OK"
[2025-08-23 19:47:30] [httpx:1740] [INFO] - HTTP Request: GET https://www.imdb.com "HTTP/1.1 200 OK"
[2025-08-23 19:47:50] [httpx:1740] [INFO] - HTTP Request: GET https://tmdb.192168105.xyz/3/configuration?api_key=a6ad08aae6dd56d58b9978d5d01c6af7&language=zh-CN "HTTP/1.1 200 OK"
[2025-08-23 19:47:50] [httpx:1740] [INFO] - HTTP Request: GET https://movie.douban.com "HTTP/1.1 200 OK"
[2025-08-23 19:47:55] [httpx:1740] [INFO] - HTTP Request: POST https://api4.thetvdb.com/v4/login "HTTP/1.1 200 OK"
[2025-08-23 19:47:55] [httpx:1740] [INFO] - HTTP Request: GET https://api.bgm.tv/v0/ping "HTTP/1.1 404 Not Found"
[2025-08-23 19:47:55] [httpx:1740] [INFO] - HTTP Request: GET https://www.imdb.com "HTTP/1.1 200 OK"
[2025-08-23 19:49:04] [httpx:1740] [INFO] - HTTP Request: GET https://tmdb.192168105.xyz/3/configuration?api_key=a6ad08aae6dd56d58b9978d5d01c6af7&language=zh-CN "HTTP/1.1 200 OK"
[2025-08-23 19:49:04] [httpx:1740] [INFO] - HTTP Request: GET https://movie.douban.com "HTTP/1.1 200 OK"
[2025-08-23 19:49:08] [httpx:1740] [INFO] - HTTP Request: POST https://api4.thetvdb.com/v4/login "HTTP/1.1 200 OK"
[2025-08-23 19:49:08] [httpx:1740] [INFO] - HTTP Request: GET https://api.bgm.tv/v0/ping "HTTP/1.1 404 Not Found"
[2025-08-23 19:49:08] [httpx:1740] [INFO] - HTTP Request: GET https://www.imdb.com "HTTP/1.1 200 OK"
[2025-08-23 19:49:25] [httpx:1740] [INFO] - HTTP Request: GET https://tmdb.192168105.xyz/3/configuration?api_key=a6ad08aae6dd56d58b9978d5d01c6af7&language=zh-CN "HTTP/1.1 200 OK"
[2025-08-23 19:49:25] [httpx:1740] [INFO] - HTTP Request: GET https://tmdb.192168105.xyz/3/configuration?api_key=a6ad08aae6dd56d58b9978d5d01c6af7&language=zh-CN "HTTP/1.1 200 OK"
[2025-08-23 19:49:25] [httpx:1740] [INFO] - HTTP Request: GET https://movie.douban.com "HTTP/1.1 200 OK"
[2025-08-23 19:49:25] [httpx:1740] [INFO] - HTTP Request: GET https://movie.douban.com "HTTP/1.1 200 OK"
[2025-08-23 19:49:26] [httpx:1740] [INFO] - HTTP Request: GET https://tmdb.192168105.xyz/3/configuration?api_key=a6ad08aae6dd56d58b9978d5d01c6af7&language=zh-CN "HTTP/1.1 200 OK"
[2025-08-23 19:49:26] [httpx:1740] [INFO] - HTTP Request: GET https://movie.douban.com "HTTP/1.1 200 OK"
[2025-08-23 19:49:28] [httpx:1740] [INFO] - HTTP Request: POST https://api4.thetvdb.com/v4/login "HTTP/1.1 200 OK"
[2025-08-23 19:49:28] [httpx:1740] [INFO] - HTTP Request: POST https://api4.thetvdb.com/v4/login "HTTP/1.1 200 OK"
[2025-08-23 19:49:28] [httpx:1740] [INFO] - HTTP Request: POST https://api4.thetvdb.com/v4/login "HTTP/1.1 200 OK"
[2025-08-23 19:49:28] [httpx:1740] [INFO] - HTTP Request: GET https://api.bgm.tv/v0/ping "HTTP/1.1 404 Not Found"
[2025-08-23 19:49:29] [httpx:1740] [INFO] - HTTP Request: GET https://api.bgm.tv/v0/ping "HTTP/1.1 404 Not Found"
[2025-08-23 19:49:29] [httpx:1740] [INFO] - HTTP Request: GET https://api.bgm.tv/v0/ping "HTTP/1.1 404 Not Found"
[2025-08-23 19:49:29] [httpx:1740] [INFO] - HTTP Request: GET https://www.imdb.com "HTTP/1.1 200 OK"
[2025-08-23 19:49:29] [httpx:1740] [INFO] - HTTP Request: GET https://www.imdb.com "HTTP/1.1 200 OK"
[2025-08-23 19:49:30] [httpx:1740] [INFO] - HTTP Request: GET https://www.imdb.com "HTTP/1.1 200 OK"
[2025-08-23 19:49:34] [httpx:1740] [INFO] - HTTP Request: GET https://tmdb.192168105.xyz/3/configuration?api_key=a6ad08aae6dd56d58b9978d5d01c6af7&language=zh-CN "HTTP/1.1 200 OK"
[2025-08-23 19:49:34] [httpx:1740] [INFO] - HTTP Request: GET https://movie.douban.com "HTTP/1.1 200 OK"
[2025-08-23 19:49:39] [httpx:1740] [INFO] - HTTP Request: POST https://api4.thetvdb.com/v4/login "HTTP/1.1 200 OK"
[2025-08-23 19:49:39] [httpx:1740] [INFO] - HTTP Request: GET https://api.bgm.tv/v0/ping "HTTP/1.1 404 Not Found"
[2025-08-23 19:49:39] [httpx:1740] [INFO] - HTTP Request: GET https://www.imdb.com "HTTP/1.1 200 OK"
[2025-08-23 19:49:42] [httpx:1740] [INFO] - HTTP Request: GET https://tmdb.192168105.xyz/3/configuration?api_key=a6ad08aae6dd56d58b9978d5d01c6af7&language=zh-CN "HTTP/1.1 200 OK"
[2025-08-23 19:49:42] [httpx:1740] [INFO] - HTTP Request: GET https://movie.douban.com "HTTP/1.1 200 OK"
[2025-08-23 19:49:44] [httpx:1740] [INFO] - HTTP Request: POST https://api4.thetvdb.com/v4/login "HTTP/1.1 200 OK"
[2025-08-23 19:49:44] [httpx:1740] [INFO] - HTTP Request: GET https://api.bgm.tv/v0/ping "HTTP/1.1 404 Not Found"
[2025-08-23 19:49:45] [httpx:1740] [INFO] - HTTP Request: GET https://tmdb.192168105.xyz/3/configuration?api_key=a6ad08aae6dd56d58b9978d5d01c6af7&language=zh-CN "HTTP/1.1 200 OK"
[2025-08-23 19:49:45] [httpx:1740] [INFO] - HTTP Request: GET https://movie.douban.com "HTTP/1.1 200 OK"
[2025-08-23 19:49:45] [httpx:1740] [INFO] - HTTP Request: GET https://www.imdb.com "HTTP/1.1 200 OK"
[2025-08-23 19:49:49] [httpx:1740] [INFO] - HTTP Request: POST https://api4.thetvdb.com/v4/login "HTTP/1.1 200 OK"
[2025-08-23 19:49:49] [httpx:1740] [INFO] - HTTP Request: GET https://api.bgm.tv/v0/ping "HTTP/1.1 404 Not Found"
[2025-08-23 19:49:49] [httpx:1740] [INFO] - HTTP Request: GET https://tmdb.192168105.xyz/3/configuration?api_key=a6ad08aae6dd56d58b9978d5d01c6af7&language=zh-CN "HTTP/1.1 200 OK"
[2025-08-23 19:49:50] [httpx:1740] [INFO] - HTTP Request: GET https://movie.douban.com "HTTP/1.1 200 OK"
[2025-08-23 19:49:50] [httpx:1740] [INFO] - HTTP Request: GET https://www.imdb.com "HTTP/1.1 200 OK"
[2025-08-23 19:49:51] [httpx:1740] [INFO] - HTTP Request: GET https://movie.douban.com "HTTP/1.1 200 OK"
[2025-08-23 19:49:52] [httpx:1740] [INFO] - HTTP Request: GET https://tmdb.192168105.xyz/3/configuration?api_key=a6ad08aae6dd56d58b9978d5d01c6af7&language=zh-CN "HTTP/1.1 200 OK"
[2025-08-23 19:49:54] [httpx:1740] [INFO] - HTTP Request: POST https://api4.thetvdb.com/v4/login "HTTP/1.1 200 OK"
[2025-08-23 19:49:54] [httpx:1740] [INFO] - HTTP Request: POST https://api4.thetvdb.com/v4/login "HTTP/1.1 200 OK"
[2025-08-23 19:49:55] [httpx:1740] [INFO] - HTTP Request: GET https://api.bgm.tv/v0/ping "HTTP/1.1 404 Not Found"
[2025-08-23 19:49:55] [httpx:1740] [INFO] - HTTP Request: GET https://api.bgm.tv/v0/ping "HTTP/1.1 404 Not Found"
[2025-08-23 19:49:55] [httpx:1740] [INFO] - HTTP Request: GET https://www.imdb.com "HTTP/1.1 200 OK"
[2025-08-23 19:49:55] [httpx:1740] [INFO] - HTTP Request: GET https://www.imdb.com "HTTP/1.1 200 OK"
[2025-08-23 19:49:59] [httpx:1740] [INFO] - HTTP Request: GET https://tmdb.192168105.xyz/3/configuration?api_key=a6ad08aae6dd56d58b9978d5d01c6af7&language=zh-CN "HTTP/1.1 200 OK"
[2025-08-23 19:49:59] [httpx:1740] [INFO] - HTTP Request: GET https://movie.douban.com "HTTP/1.1 200 OK"
[2025-08-23 19:50:00] [httpx:1740] [INFO] - HTTP Request: POST https://api4.thetvdb.com/v4/login "HTTP/1.1 200 OK"
[2025-08-23 19:50:00] [httpx:1740] [INFO] - HTTP Request: GET https://api.bgm.tv/v0/ping "HTTP/1.1 404 Not Found"
[2025-08-23 19:50:00] [httpx:1740] [INFO] - HTTP Request: GET https://www.imdb.com "HTTP/1.1 200 OK"
[2025-08-23 19:50:02] [httpx:1740] [INFO] - HTTP Request: GET https://tmdb.192168105.xyz/3/configuration?api_key=a6ad08aae6dd56d58b9978d5d01c6af7&language=zh-CN "HTTP/1.1 200 OK"
[2025-08-23 19:50:02] [httpx:1740] [INFO] - HTTP Request: GET https://movie.douban.com "HTTP/1.1 200 OK"
[2025-08-23 19:50:03] [httpx:1740] [INFO] - HTTP Request: GET https://tmdb.192168105.xyz/3/configuration?api_key=a6ad08aae6dd56d58b9978d5d01c6af7&language=zh-CN "HTTP/1.1 200 OK"
[2025-08-23 19:50:04] [httpx:1740] [INFO] - HTTP Request: GET https://movie.douban.com "HTTP/1.1 200 OK"
[2025-08-23 19:50:04] [httpx:1740] [INFO] - HTTP Request: GET https://tmdb.192168105.xyz/3/configuration?api_key=a6ad08aae6dd56d58b9978d5d01c6af7&language=zh-CN "HTTP/1.1 200 OK"
[2025-08-23 19:50:05] [httpx:1740] [INFO] - HTTP Request: GET https://movie.douban.com "HTTP/1.1 200 OK"
[2025-08-23 19:50:05] [httpx:1740] [INFO] - HTTP Request: POST https://api4.thetvdb.com/v4/login "HTTP/1.1 200 OK"
[2025-08-23 19:50:06] [httpx:1740] [INFO] - HTTP Request: GET https://tmdb.192168105.xyz/3/configuration?api_key=a6ad08aae6dd56d58b9978d5d01c6af7&language=zh-CN "HTTP/1.1 200 OK"
[2025-08-23 19:50:06] [httpx:1740] [INFO] - HTTP Request: POST https://api4.thetvdb.com/v4/login "HTTP/1.1 200 OK"
[2025-08-23 19:50:06] [httpx:1740] [INFO] - HTTP Request: GET https://api.bgm.tv/v0/ping "HTTP/1.1 404 Not Found"
[2025-08-23 19:50:06] [httpx:1740] [INFO] - HTTP Request: GET https://api.bgm.tv/v0/ping "HTTP/1.1 404 Not Found"
[2025-08-23 19:50:06] [httpx:1740] [INFO] - HTTP Request: GET https://api.bgm.tv/v0/ping "HTTP/1.1 404 Not Found"
[2025-08-23 19:50:06] [httpx:1740] [INFO] - HTTP Request: GET https://www.imdb.com "HTTP/1.1 200 OK"
[2025-08-23 19:50:06] [httpx:1740] [INFO] - HTTP Request: GET https://movie.douban.com "HTTP/1.1 200 OK"
[2025-08-23 19:50:06] [httpx:1740] [INFO] - HTTP Request: GET https://www.imdb.com "HTTP/1.1 200 OK"
[2025-08-23 19:50:06] [httpx:1740] [INFO] - HTTP Request: GET https://www.imdb.com "HTTP/1.1 200 OK"
[2025-08-23 19:50:06] [httpx:1740] [INFO] - HTTP Request: GET https://tmdb.192168105.xyz/3/configuration?api_key=a6ad08aae6dd56d58b9978d5d01c6af7&language=zh-CN "HTTP/1.1 200 OK"
[2025-08-23 19:50:07] [httpx:1740] [INFO] - HTTP Request: GET https://movie.douban.com "HTTP/1.1 200 OK"
[2025-08-23 19:50:10] [httpx:1740] [INFO] - HTTP Request: POST https://api4.thetvdb.com/v4/login "HTTP/1.1 200 OK"
[2025-08-23 19:50:10] [httpx:1740] [INFO] - HTTP Request: POST https://api4.thetvdb.com/v4/login "HTTP/1.1 200 OK"
[2025-08-23 19:50:10] [httpx:1740] [INFO] - HTTP Request: POST https://api4.thetvdb.com/v4/login "HTTP/1.1 200 OK"
[2025-08-23 19:50:10] [httpx:1740] [INFO] - HTTP Request: GET https://api.bgm.tv/v0/ping "HTTP/1.1 404 Not Found"
[2025-08-23 19:50:11] [httpx:1740] [INFO] - HTTP Request: GET https://api.bgm.tv/v0/ping "HTTP/1.1 404 Not Found"
[2025-08-23 19:50:11] [httpx:1740] [INFO] - HTTP Request: GET https://www.imdb.com "HTTP/1.1 200 OK"
[2025-08-23 19:50:12] [httpx:1740] [INFO] - HTTP Request: GET https://www.imdb.com "HTTP/1.1 200 OK"
[2025-08-23 19:50:15] [httpx:1740] [INFO] - HTTP Request: GET https://api.bilibili.com/x/web-interface/nav "HTTP/1.1 200 OK"
[2025-08-23 19:50:16] [httpx:1740] [INFO] - HTTP Request: GET https://api.bilibili.com/x/web-interface/nav "HTTP/1.1 200 OK"
[2025-08-23 19:50:22] [httpx:1740] [INFO] - HTTP Request: GET https://tmdb.192168105.xyz/3/configuration?api_key=a6ad08aae6dd56d58b9978d5d01c6af7&language=zh-CN "HTTP/1.1 200 OK"
[2025-08-23 19:50:22] [httpx:1740] [INFO] - HTTP Request: GET https://tmdb.192168105.xyz/3/configuration?api_key=a6ad08aae6dd56d58b9978d5d01c6af7&language=zh-CN "HTTP/1.1 200 OK"
[2025-08-23 19:50:22] [httpx:1740] [INFO] - HTTP Request: GET https://movie.douban.com "HTTP/1.1 200 OK"
[2025-08-23 19:50:23] [httpx:1740] [INFO] - HTTP Request: GET https://movie.douban.com "HTTP/1.1 200 OK"
[2025-08-23 19:50:26] [httpx:1740] [INFO] - HTTP Request: POST https://api4.thetvdb.com/v4/login "HTTP/1.1 200 OK"
[2025-08-23 19:50:26] [httpx:1740] [INFO] - HTTP Request: POST https://api4.thetvdb.com/v4/login "HTTP/1.1 200 OK"
[2025-08-23 19:50:26] [httpx:1740] [INFO] - HTTP Request: GET https://api.bgm.tv/v0/ping "HTTP/1.1 404 Not Found"
[2025-08-23 19:50:26] [httpx:1740] [INFO] - HTTP Request: GET https://api.bgm.tv/v0/ping "HTTP/1.1 404 Not Found"
[2025-08-23 19:50:26] [httpx:1740] [INFO] - HTTP Request: GET https://www.imdb.com "HTTP/1.1 200 OK"
[2025-08-23 19:50:27] [httpx:1740] [INFO] - HTTP Request: GET https://www.imdb.com "HTTP/1.1 200 OK"
[2025-08-23 19:56:11] [src.database:149] [INFO] - 数据库引擎已关闭。
[2025-08-23 19:56:11] [TaskManager:60] [INFO] - 任务管理器已停止。
[2025-08-23 19:56:11] [apscheduler.scheduler:245] [INFO] - Scheduler has been shut down
